<?xml version="1.0" encoding="UTF-8"?>
<!-- Generated by org.testng.reporters.JUnitXMLReporter -->
<testsuite ignored="0" hostname="RiveroMaurera" failures="0" tests="3" name="prestashop-1" time="254.043" errors="0" timestamp="2021-11-04T10:21:31 BRT">
  <testcase classname="tests.PrestaShopTest" name="Logar" time="18.659"/>
  <testcase classname="tests.PrestaShopTest" name="buyProduct" time="6.481"/>
  <testcase classname="tests.PrestaShopTest" name="Pay" time="12.232"/>
</testsuite> <!-- prestashop-1 -->
