<?xml version="1.0" encoding="UTF-8"?>
<!-- Generated by org.testng.reporters.JUnitXMLReporter -->
<testsuite ignored="0" hostname="RiveroMaurera" failures="0" tests="3" name="prestashop-2" time="80.064" errors="0" timestamp="2021-11-04T10:18:37 BRT">
  <testcase classname="tests.PrestaShopTest" name="Logar" time="24.167"/>
  <testcase classname="tests.PrestaShopTest" name="buyProduct" time="7.885"/>
  <testcase classname="tests.PrestaShopTest" name="Pay" time="13.654"/>
</testsuite> <!-- prestashop-2 -->
