<?xml version="1.0" encoding="UTF-8"?>
<!-- Generated by org.testng.reporters.JUnitXMLReporter -->
<testsuite ignored="0" hostname="RiveroMaurera" failures="0" tests="3" name="prestashop-3" time="211.11" errors="0" timestamp="2021-11-04T10:20:48 BRT">
  <testcase classname="tests.PrestaShopTest" name="Logar" time="12.977"/>
  <testcase classname="tests.PrestaShopTest" name="buyProduct" time="5.961"/>
  <testcase classname="tests.PrestaShopTest" name="Pay" time="11.237"/>
</testsuite> <!-- prestashop-3 -->
